<?xml version="1.0" encoding="UTF-8"?>
<!-- Generated by org.testng.reporters.JUnitReportReporter -->
<testsuite skipped="0" hostname="IBM815-R90AX8H4" name="com.ibm.jenkins.com.ibm.jenkins.LaunchApp" tests="1" failures="0" timestamp="04 Jan 2019 05:22:03 GMT" time="0.050" errors="0">
  <testcase name="launchTest" time="0.050" classname="com.ibm.jenkins.com.ibm.jenkins.LaunchApp"/>
</testsuite> <!-- com.ibm.jenkins.com.ibm.jenkins.LaunchApp -->
